# JRE version: OpenJDK Runtime Environment (8.0_152-b02) (build 1.8.0_152-release-1024-b02)
# Java VM: OpenJDK 64-Bit Server VM (25.152-b02 mixed mode windows-amd64 compressed oops)
Heap:
 PSYoungGen      total 57856K, used 15214K [0x00000000eab00000, 0x00000000eed80000, 0x0000000100000000)
  eden space 48128K, 24% used [0x00000000eab00000,0x00000000eb691748,0x00000000eda00000)
  from space 9728K, 34% used [0x00000000eda00000,0x00000000edd4a130,0x00000000ee380000)
  to   space 8192K, 0% used [0x00000000ee380000,0x00000000ee380000,0x00000000eeb80000)
 ParOldGen       total 55296K, used 16365K [0x00000000c0000000, 0x00000000c3600000, 0x00000000eab00000)
  object space 55296K, 29% used [0x00000000c0000000,0x00000000c0ffb548,0x00000000c3600000)
 Metaspace       used 38011K, capacity 38748K, committed 39040K, reserved 1083392K
  class space    used 5184K, capacity 5428K, committed 5504K, reserved 1048576K
GC Heap History (10 events):
Event: 21.645 GC heap before
{Heap before GC invocations=11 (full 1):
 PSYoungGen      total 36864K, used 33979K [0x00000000eab00000, 0x00000000ede80000, 0x0000000100000000)
  eden space 29184K, 100% used [0x00000000eab00000,0x00000000ec780000,0x00000000ec780000)
  from space 7680K, 62% used [0x00000000ec780000,0x00000000ecc2ec30,0x00000000ecf00000)
  to   space 7680K, 0% used [0x00000000ed700000,0x00000000ed700000,0x00000000ede80000)
 ParOldGen       total 35840K, used 8568K [0x00000000c0000000, 0x00000000c2300000, 0x00000000eab00000)
  object space 35840K, 23% used [0x00000000c0000000,0x00000000c085e270,0x00000000c2300000)
 Metaspace       used 27960K, capacity 28464K, committed 28672K, reserved 1073152K
  class space    used 3914K, capacity 4085K, committed 4096K, reserved 1048576K
Event: 21.661 GC heap after
Heap after GC invocations=11 (full 1):
 PSYoungGen      total 45056K, used 5199K [0x00000000eab00000, 0x00000000ee080000, 0x0000000100000000)
  eden space 37376K, 0% used [0x00000000eab00000,0x00000000eab00000,0x00000000ecf80000)
  from space 7680K, 67% used [0x00000000ed700000,0x00000000edc13f58,0x00000000ede80000)
  to   space 7680K, 0% used [0x00000000ecf80000,0x00000000ecf80000,0x00000000ed700000)
 ParOldGen       total 35840K, used 8576K [0x00000000c0000000, 0x00000000c2300000, 0x00000000eab00000)
  object space 35840K, 23% used [0x00000000c0000000,0x00000000c0860270,0x00000000c2300000)
 Metaspace       used 27960K, capacity 28464K, committed 28672K, reserved 1073152K
  class space    used 3914K, capacity 4085K, committed 4096K, reserved 1048576K
}
Event: 25.833 GC heap before
{Heap before GC invocations=12 (full 1):
 PSYoungGen      total 45056K, used 42575K [0x00000000eab00000, 0x00000000ee080000, 0x0000000100000000)
  eden space 37376K, 100% used [0x00000000eab00000,0x00000000ecf80000,0x00000000ecf80000)
  from space 7680K, 67% used [0x00000000ed700000,0x00000000edc13f58,0x00000000ede80000)
  to   space 7680K, 0% used [0x00000000ecf80000,0x00000000ecf80000,0x00000000ed700000)
 ParOldGen       total 35840K, used 8576K [0x00000000c0000000, 0x00000000c2300000, 0x00000000eab00000)
  object space 35840K, 23% used [0x00000000c0000000,0x00000000c0860270,0x00000000c2300000)
 Metaspace       used 29915K, capacity 30430K, committed 30592K, reserved 1075200K
  class space    used 4183K, capacity 4354K, committed 4480K, reserved 1048576K
Event: 25.859 GC heap after
Heap after GC invocations=12 (full 1):
 PSYoungGen      total 45056K, used 7424K [0x00000000eab00000, 0x00000000eeb80000, 0x0000000100000000)
  eden space 37376K, 0% used [0x00000000eab00000,0x00000000eab00000,0x00000000ecf80000)
  from space 7680K, 96% used [0x00000000ecf80000,0x00000000ed6c01a0,0x00000000ed700000)
  to   space 8192K, 0% used [0x00000000ee380000,0x00000000ee380000,0x00000000eeb80000)
 ParOldGen       total 35840K, used 8584K [0x00000000c0000000, 0x00000000c2300000, 0x00000000eab00000)
  object space 35840K, 23% used [0x00000000c0000000,0x00000000c0862270,0x00000000c2300000)
 Metaspace       used 29915K, capacity 30430K, committed 30592K, reserved 1075200K
  class space    used 4183K, capacity 4354K, committed 4480K, reserved 1048576K
}
Event: 30.151 GC heap before
{Heap before GC invocations=13 (full 1):
 PSYoungGen      total 45056K, used 35300K [0x00000000eab00000, 0x00000000eeb80000, 0x0000000100000000)
  eden space 37376K, 74% used [0x00000000eab00000,0x00000000ec638fd0,0x00000000ecf80000)
  from space 7680K, 96% used [0x00000000ecf80000,0x00000000ed6c01a0,0x00000000ed700000)
  to   space 8192K, 0% used [0x00000000ee380000,0x00000000ee380000,0x00000000eeb80000)
 ParOldGen       total 35840K, used 8584K [0x00000000c0000000, 0x00000000c2300000, 0x00000000eab00000)
  object space 35840K, 23% used [0x00000000c0000000,0x00000000c0862270,0x00000000c2300000)
 Metaspace       used 34731K, capacity 35246K, committed 35416K, reserved 1079296K
  class space    used 4785K, capacity 4967K, committed 4992K, reserved 1048576K
Event: 30.166 GC heap after
Heap after GC invocations=13 (full 1):
 PSYoungGen      total 56320K, used 8160K [0x00000000eab00000, 0x00000000eed80000, 0x0000000100000000)
  eden space 48128K, 0% used [0x00000000eab00000,0x00000000eab00000,0x00000000eda00000)
  from space 8192K, 99% used [0x00000000ee380000,0x00000000eeb78178,0x00000000eeb80000)
  to   space 9728K, 0% used [0x00000000eda00000,0x00000000eda00000,0x00000000ee380000)
 ParOldGen       total 35840K, used 10219K [0x00000000c0000000, 0x00000000c2300000, 0x00000000eab00000)
  object space 35840K, 28% used [0x00000000c0000000,0x00000000c09fade8,0x00000000c2300000)
 Metaspace       used 34731K, capacity 35246K, committed 35416K, reserved 1079296K
  class space    used 4785K, capacity 4967K, committed 4992K, reserved 1048576K
}
Event: 30.166 GC heap before
{Heap before GC invocations=14 (full 2):
 PSYoungGen      total 56320K, used 8160K [0x00000000eab00000, 0x00000000eed80000, 0x0000000100000000)
  eden space 48128K, 0% used [0x00000000eab00000,0x00000000eab00000,0x00000000eda00000)
  from space 8192K, 99% used [0x00000000ee380000,0x00000000eeb78178,0x00000000eeb80000)
  to   space 9728K, 0% used [0x00000000eda00000,0x00000000eda00000,0x00000000ee380000)
 ParOldGen       total 35840K, used 10219K [0x00000000c0000000, 0x00000000c2300000, 0x00000000eab00000)
  object space 35840K, 28% used [0x00000000c0000000,0x00000000c09fade8,0x00000000c2300000)
 Metaspace       used 34731K, capacity 35246K, committed 35416K, reserved 1079296K
  class space    used 4785K, capacity 4967K, committed 4992K, reserved 1048576K
Event: 30.249 GC heap after
Heap after GC invocations=14 (full 2):
 PSYoungGen      total 56320K, used 0K [0x00000000eab00000, 0x00000000eed80000, 0x0000000100000000)
  eden space 48128K, 0% used [0x00000000eab00000,0x00000000eab00000,0x00000000eda00000)
  from space 8192K, 0% used [0x00000000ee380000,0x00000000ee380000,0x00000000eeb80000)
  to   space 9728K, 0% used [0x00000000eda00000,0x00000000eda00000,0x00000000ee380000)
 ParOldGen       total 55296K, used 16357K [0x00000000c0000000, 0x00000000c3600000, 0x00000000eab00000)
  object space 55296K, 29% used [0x00000000c0000000,0x00000000c0ff9548,0x00000000c3600000)
 Metaspace       used 34731K, capacity 35246K, committed 35416K, reserved 1079296K
  class space    used 4785K, capacity 4967K, committed 4992K, reserved 1048576K
}
Event: 32.186 GC heap before
{Heap before GC invocations=15 (full 2):
 PSYoungGen      total 56320K, used 48128K [0x00000000eab00000, 0x00000000eed80000, 0x0000000100000000)
  eden space 48128K, 100% used [0x00000000eab00000,0x00000000eda00000,0x00000000eda00000)
  from space 8192K, 0% used [0x00000000ee380000,0x00000000ee380000,0x00000000eeb80000)
  to   space 9728K, 0% used [0x00000000eda00000,0x00000000eda00000,0x00000000ee380000)
 ParOldGen       total 55296K, used 16357K [0x00000000c0000000, 0x00000000c3600000, 0x00000000eab00000)
  object space 55296K, 29% used [0x00000000c0000000,0x00000000c0ff9548,0x00000000c3600000)
 Metaspace       used 36760K, capacity 37454K, committed 37504K, reserved 1081344K
  class space    used 5031K, capacity 5233K, committed 5248K, reserved 1048576K
Event: 32.198 GC heap after
Heap after GC invocations=15 (full 2):
 PSYoungGen      total 57856K, used 3368K [0x00000000eab00000, 0x00000000eed80000, 0x0000000100000000)
  eden space 48128K, 0% used [0x00000000eab00000,0x00000000eab00000,0x00000000eda00000)
  from space 9728K, 34% used [0x00000000eda00000,0x00000000edd4a130,0x00000000ee380000)
  to   space 8192K, 0% used [0x00000000ee380000,0x00000000ee380000,0x00000000eeb80000)
 ParOldGen       total 55296K, used 16365K [0x00000000c0000000, 0x00000000c3600000, 0x00000000eab00000)
  object space 55296K, 29% used [0x00000000c0000000,0x00000000c0ffb548,0x00000000c3600000)
 Metaspace       used 36760K, capacity 37454K, committed 37504K, reserved 1081344K
  class space    used 5031K, capacity 5233K, committed 5248K, reserved 1048576K
}

