# JRE version: OpenJDK Runtime Environment (8.0_152-b02) (build 1.8.0_152-release-1024-b02)
# Java VM: OpenJDK 64-Bit Server VM (25.152-b02 mixed mode windows-amd64 compressed oops)
Heap:
 PSYoungGen      total 124416K, used 84459K [0x00000000eab00000, 0x00000000f3280000, 0x0000000100000000)
  eden space 116224K, 65% used [0x00000000eab00000,0x00000000ef57fbd0,0x00000000f1c80000)
  from space 8192K, 99% used [0x00000000f2280000,0x00000000f2a7b2f0,0x00000000f2a80000)
  to   space 8192K, 0% used [0x00000000f2a80000,0x00000000f2a80000,0x00000000f3280000)
 ParOldGen       total 38400K, used 21232K [0x00000000c0000000, 0x00000000c2580000, 0x00000000eab00000)
  object space 38400K, 55% used [0x00000000c0000000,0x00000000c14bc250,0x00000000c2580000)
 Metaspace       used 43922K, capacity 45014K, committed 45056K, reserved 1087488K
  class space    used 6063K, capacity 6389K, committed 6400K, reserved 1048576K
GC Heap History (10 events):
Event: 6.056 GC heap before
{Heap before GC invocations=9 (full 1):
 PSYoungGen      total 69632K, used 61952K [0x00000000eab00000, 0x00000000f3400000, 0x0000000100000000)
  eden space 61952K, 100% used [0x00000000eab00000,0x00000000ee780000,0x00000000ee780000)
  from space 7680K, 0% used [0x00000000ee780000,0x00000000ee780000,0x00000000eef00000)
  to   space 8192K, 0% used [0x00000000f2c00000,0x00000000f2c00000,0x00000000f3400000)
 ParOldGen       total 38400K, used 10724K [0x00000000c0000000, 0x00000000c2580000, 0x00000000eab00000)
  object space 38400K, 27% used [0x00000000c0000000,0x00000000c0a79208,0x00000000c2580000)
 Metaspace       used 25750K, capacity 26262K, committed 26624K, reserved 1073152K
  class space    used 3592K, capacity 3735K, committed 3840K, reserved 1048576K
Event: 6.070 GC heap after
Heap after GC invocations=9 (full 1):
 PSYoungGen      total 97792K, used 6351K [0x00000000eab00000, 0x00000000f3280000, 0x0000000100000000)
  eden space 91136K, 0% used [0x00000000eab00000,0x00000000eab00000,0x00000000f0400000)
  from space 6656K, 95% used [0x00000000f2c00000,0x00000000f3233f50,0x00000000f3280000)
  to   space 8192K, 0% used [0x00000000f2280000,0x00000000f2280000,0x00000000f2a80000)
 ParOldGen       total 38400K, used 10732K [0x00000000c0000000, 0x00000000c2580000, 0x00000000eab00000)
  object space 38400K, 27% used [0x00000000c0000000,0x00000000c0a7b208,0x00000000c2580000)
 Metaspace       used 25750K, capacity 26262K, committed 26624K, reserved 1073152K
  class space    used 3592K, capacity 3735K, committed 3840K, reserved 1048576K
}
Event: 8.782 GC heap before
{Heap before GC invocations=10 (full 1):
 PSYoungGen      total 97792K, used 97487K [0x00000000eab00000, 0x00000000f3280000, 0x0000000100000000)
  eden space 91136K, 100% used [0x00000000eab00000,0x00000000f0400000,0x00000000f0400000)
  from space 6656K, 95% used [0x00000000f2c00000,0x00000000f3233f50,0x00000000f3280000)
  to   space 8192K, 0% used [0x00000000f2280000,0x00000000f2280000,0x00000000f2a80000)
 ParOldGen       total 38400K, used 10732K [0x00000000c0000000, 0x00000000c2580000, 0x00000000eab00000)
  object space 38400K, 27% used [0x00000000c0000000,0x00000000c0a7b208,0x00000000c2580000)
 Metaspace       used 31894K, capacity 32592K, committed 32896K, reserved 1077248K
  class space    used 4476K, capacity 4698K, committed 4736K, reserved 1048576K
Event: 8.816 GC heap after
Heap after GC invocations=10 (full 1):
 PSYoungGen      total 124416K, used 8192K [0x00000000eab00000, 0x00000000f3280000, 0x0000000100000000)
  eden space 116224K, 0% used [0x00000000eab00000,0x00000000eab00000,0x00000000f1c80000)
  from space 8192K, 100% used [0x00000000f2280000,0x00000000f2a80000,0x00000000f2a80000)
  to   space 8192K, 0% used [0x00000000f2a80000,0x00000000f2a80000,0x00000000f3280000)
 ParOldGen       total 38400K, used 15263K [0x00000000c0000000, 0x00000000c2580000, 0x00000000eab00000)
  object space 38400K, 39% used [0x00000000c0000000,0x00000000c0ee7f38,0x00000000c2580000)
 Metaspace       used 31894K, capacity 32592K, committed 32896K, reserved 1077248K
  class space    used 4476K, capacity 4698K, committed 4736K, reserved 1048576K
}
Event: 9.175 GC heap before
{Heap before GC invocations=11 (full 1):
 PSYoungGen      total 124416K, used 20646K [0x00000000eab00000, 0x00000000f3280000, 0x0000000100000000)
  eden space 116224K, 10% used [0x00000000eab00000,0x00000000eb729850,0x00000000f1c80000)
  from space 8192K, 100% used [0x00000000f2280000,0x00000000f2a80000,0x00000000f2a80000)
  to   space 8192K, 0% used [0x00000000f2a80000,0x00000000f2a80000,0x00000000f3280000)
 ParOldGen       total 38400K, used 15263K [0x00000000c0000000, 0x00000000c2580000, 0x00000000eab00000)
  object space 38400K, 39% used [0x00000000c0000000,0x00000000c0ee7f38,0x00000000c2580000)
 Metaspace       used 34591K, capacity 35300K, committed 35416K, reserved 1079296K
  class space    used 4840K, capacity 5091K, committed 5120K, reserved 1048576K
Event: 9.200 GC heap after
Heap after GC invocations=11 (full 1):
 PSYoungGen      total 124416K, used 8176K [0x00000000eab00000, 0x00000000f3280000, 0x0000000100000000)
  eden space 116224K, 0% used [0x00000000eab00000,0x00000000eab00000,0x00000000f1c80000)
  from space 8192K, 99% used [0x00000000f2a80000,0x00000000f327c010,0x00000000f3280000)
  to   space 8192K, 0% used [0x00000000f2280000,0x00000000f2280000,0x00000000f2a80000)
 ParOldGen       total 38400K, used 16973K [0x00000000c0000000, 0x00000000c2580000, 0x00000000eab00000)
  object space 38400K, 44% used [0x00000000c0000000,0x00000000c10934e8,0x00000000c2580000)
 Metaspace       used 34591K, capacity 35300K, committed 35416K, reserved 1079296K
  class space    used 4840K, capacity 5091K, committed 5120K, reserved 1048576K
}
Event: 9.200 GC heap before
{Heap before GC invocations=12 (full 2):
 PSYoungGen      total 124416K, used 8176K [0x00000000eab00000, 0x00000000f3280000, 0x0000000100000000)
  eden space 116224K, 0% used [0x00000000eab00000,0x00000000eab00000,0x00000000f1c80000)
  from space 8192K, 99% used [0x00000000f2a80000,0x00000000f327c010,0x00000000f3280000)
  to   space 8192K, 0% used [0x00000000f2280000,0x00000000f2280000,0x00000000f2a80000)
 ParOldGen       total 38400K, used 16973K [0x00000000c0000000, 0x00000000c2580000, 0x00000000eab00000)
  object space 38400K, 44% used [0x00000000c0000000,0x00000000c10934e8,0x00000000c2580000)
 Metaspace       used 34591K, capacity 35300K, committed 35416K, reserved 1079296K
  class space    used 4840K, capacity 5091K, committed 5120K, reserved 1048576K
Event: 9.361 GC heap after
Heap after GC invocations=12 (full 2):
 PSYoungGen      total 124416K, used 0K [0x00000000eab00000, 0x00000000f3280000, 0x0000000100000000)
  eden space 116224K, 0% used [0x00000000eab00000,0x00000000eab00000,0x00000000f1c80000)
  from space 8192K, 0% used [0x00000000f2a80000,0x00000000f2a80000,0x00000000f3280000)
  to   space 8192K, 0% used [0x00000000f2280000,0x00000000f2280000,0x00000000f2a80000)
 ParOldGen       total 38400K, used 16518K [0x00000000c0000000, 0x00000000c2580000, 0x00000000eab00000)
  object space 38400K, 43% used [0x00000000c0000000,0x00000000c1021868,0x00000000c2580000)
 Metaspace       used 34591K, capacity 35300K, committed 35416K, reserved 1079296K
  class space    used 4840K, capacity 5091K, committed 5120K, reserved 1048576K
}
Event: 11.415 GC heap before
{Heap before GC invocations=13 (full 2):
 PSYoungGen      total 124416K, used 116224K [0x00000000eab00000, 0x00000000f3280000, 0x0000000100000000)
  eden space 116224K, 100% used [0x00000000eab00000,0x00000000f1c80000,0x00000000f1c80000)
  from space 8192K, 0% used [0x00000000f2a80000,0x00000000f2a80000,0x00000000f3280000)
  to   space 8192K, 0% used [0x00000000f2280000,0x00000000f2280000,0x00000000f2a80000)
 ParOldGen       total 38400K, used 16518K [0x00000000c0000000, 0x00000000c2580000, 0x00000000eab00000)
  object space 38400K, 43% used [0x00000000c0000000,0x00000000c1021868,0x00000000c2580000)
 Metaspace       used 41174K, capacity 42216K, committed 42368K, reserved 1085440K
  class space    used 5647K, capacity 5973K, committed 6016K, reserved 1048576K
Event: 11.443 GC heap after
Heap after GC invocations=13 (full 2):
 PSYoungGen      total 124416K, used 8172K [0x00000000eab00000, 0x00000000f3280000, 0x0000000100000000)
  eden space 116224K, 0% used [0x00000000eab00000,0x00000000eab00000,0x00000000f1c80000)
  from space 8192K, 99% used [0x00000000f2280000,0x00000000f2a7b2f0,0x00000000f2a80000)
  to   space 8192K, 0% used [0x00000000f2a80000,0x00000000f2a80000,0x00000000f3280000)
 ParOldGen       total 38400K, used 21232K [0x00000000c0000000, 0x00000000c2580000, 0x00000000eab00000)
  object space 38400K, 55% used [0x00000000c0000000,0x00000000c14bc250,0x00000000c2580000)
 Metaspace       used 41174K, capacity 42216K, committed 42368K, reserved 1085440K
  class space    used 5647K, capacity 5973K, committed 6016K, reserved 1048576K
}

