# JRE version: OpenJDK Runtime Environment (8.0_152-b02) (build 1.8.0_152-release-1024-b02)
# Java VM: OpenJDK 64-Bit Server VM (25.152-b02 mixed mode windows-amd64 compressed oops)
Heap:
 PSYoungGen      total 69632K, used 35519K [0x00000000eab00000, 0x00000000ef800000, 0x0000000100000000)
  eden space 61952K, 57% used [0x00000000eab00000,0x00000000ecdafc98,0x00000000ee780000)
  from space 7680K, 0% used [0x00000000ee780000,0x00000000ee780000,0x00000000eef00000)
  to   space 6144K, 0% used [0x00000000eef00000,0x00000000eef00000,0x00000000ef500000)
 ParOldGen       total 36864K, used 8551K [0x00000000c0000000, 0x00000000c2400000, 0x00000000eab00000)
  object space 36864K, 23% used [0x00000000c0000000,0x00000000c0859db0,0x00000000c2400000)
 Metaspace       used 24340K, capacity 24800K, committed 25088K, reserved 1071104K
  class space    used 3359K, capacity 3527K, committed 3584K, reserved 1048576K
GC Heap History (10 events):
Event: 2.619 GC heap before
{Heap before GC invocations=4 (full 0):
 PSYoungGen      total 18432K, used 18432K [0x00000000eab00000, 0x00000000ecf00000, 0x0000000100000000)
  eden space 15872K, 100% used [0x00000000eab00000,0x00000000eba80000,0x00000000eba80000)
  from space 2560K, 100% used [0x00000000eba80000,0x00000000ebd00000,0x00000000ebd00000)
  to   space 2560K, 0% used [0x00000000ecc80000,0x00000000ecc80000,0x00000000ecf00000)
 ParOldGen       total 42496K, used 590K [0x00000000c0000000, 0x00000000c2980000, 0x00000000eab00000)
  object space 42496K, 1% used [0x00000000c0000000,0x00000000c0093af0,0x00000000c2980000)
 Metaspace       used 10547K, capacity 10856K, committed 11008K, reserved 1058816K
  class space    used 1378K, capacity 1486K, committed 1536K, reserved 1048576K
Event: 2.626 GC heap after
Heap after GC invocations=4 (full 0):
 PSYoungGen      total 34304K, used 2560K [0x00000000eab00000, 0x00000000ecf00000, 0x0000000100000000)
  eden space 31744K, 0% used [0x00000000eab00000,0x00000000eab00000,0x00000000eca00000)
  from space 2560K, 100% used [0x00000000ecc80000,0x00000000ecf00000,0x00000000ecf00000)
  to   space 2560K, 0% used [0x00000000eca00000,0x00000000eca00000,0x00000000ecc80000)
 ParOldGen       total 42496K, used 2634K [0x00000000c0000000, 0x00000000c2980000, 0x00000000eab00000)
  object space 42496K, 6% used [0x00000000c0000000,0x00000000c0292a60,0x00000000c2980000)
 Metaspace       used 10547K, capacity 10856K, committed 11008K, reserved 1058816K
  class space    used 1378K, capacity 1486K, committed 1536K, reserved 1048576K
}
Event: 4.692 GC heap before
{Heap before GC invocations=5 (full 0):
 PSYoungGen      total 34304K, used 34304K [0x00000000eab00000, 0x00000000ecf00000, 0x0000000100000000)
  eden space 31744K, 100% used [0x00000000eab00000,0x00000000eca00000,0x00000000eca00000)
  from space 2560K, 100% used [0x00000000ecc80000,0x00000000ecf00000,0x00000000ecf00000)
  to   space 2560K, 0% used [0x00000000eca00000,0x00000000eca00000,0x00000000ecc80000)
 ParOldGen       total 42496K, used 2634K [0x00000000c0000000, 0x00000000c2980000, 0x00000000eab00000)
  object space 42496K, 6% used [0x00000000c0000000,0x00000000c0292a60,0x00000000c2980000)
 Metaspace       used 13977K, capacity 14326K, committed 14464K, reserved 1060864K
  class space    used 1934K, capacity 2059K, committed 2176K, reserved 1048576K
Event: 4.713 GC heap after
Heap after GC invocations=5 (full 0):
 PSYoungGen      total 34304K, used 2560K [0x00000000eab00000, 0x00000000ef500000, 0x0000000100000000)
  eden space 31744K, 0% used [0x00000000eab00000,0x00000000eab00000,0x00000000eca00000)
  from space 2560K, 100% used [0x00000000eca00000,0x00000000ecc80000,0x00000000ecc80000)
  to   space 6144K, 0% used [0x00000000eef00000,0x00000000eef00000,0x00000000ef500000)
 ParOldGen       total 42496K, used 6218K [0x00000000c0000000, 0x00000000c2980000, 0x00000000eab00000)
  object space 42496K, 14% used [0x00000000c0000000,0x00000000c0612b48,0x00000000c2980000)
 Metaspace       used 13977K, capacity 14326K, committed 14464K, reserved 1060864K
  class space    used 1934K, capacity 2059K, committed 2176K, reserved 1048576K
}
Event: 6.412 GC heap before
{Heap before GC invocations=6 (full 0):
 PSYoungGen      total 34304K, used 34304K [0x00000000eab00000, 0x00000000ef500000, 0x0000000100000000)
  eden space 31744K, 100% used [0x00000000eab00000,0x00000000eca00000,0x00000000eca00000)
  from space 2560K, 100% used [0x00000000eca00000,0x00000000ecc80000,0x00000000ecc80000)
  to   space 6144K, 0% used [0x00000000eef00000,0x00000000eef00000,0x00000000ef500000)
 ParOldGen       total 42496K, used 6218K [0x00000000c0000000, 0x00000000c2980000, 0x00000000eab00000)
  object space 42496K, 14% used [0x00000000c0000000,0x00000000c0612b48,0x00000000c2980000)
 Metaspace       used 16982K, capacity 17358K, committed 17536K, reserved 1064960K
  class space    used 2439K, capacity 2575K, committed 2688K, reserved 1048576K
Event: 6.427 GC heap after
Heap after GC invocations=6 (full 0):
 PSYoungGen      total 68096K, used 6115K [0x00000000eab00000, 0x00000000ef800000, 0x0000000100000000)
  eden space 61952K, 0% used [0x00000000eab00000,0x00000000eab00000,0x00000000ee780000)
  from space 6144K, 99% used [0x00000000eef00000,0x00000000ef4f8eb0,0x00000000ef500000)
  to   space 7680K, 0% used [0x00000000ee780000,0x00000000ee780000,0x00000000eef00000)
 ParOldGen       total 42496K, used 6534K [0x00000000c0000000, 0x00000000c2980000, 0x00000000eab00000)
  object space 42496K, 15% used [0x00000000c0000000,0x00000000c06619f0,0x00000000c2980000)
 Metaspace       used 16982K, capacity 17358K, committed 17536K, reserved 1064960K
  class space    used 2439K, capacity 2575K, committed 2688K, reserved 1048576K
}
Event: 8.566 GC heap before
{Heap before GC invocations=7 (full 0):
 PSYoungGen      total 68096K, used 25793K [0x00000000eab00000, 0x00000000ef800000, 0x0000000100000000)
  eden space 61952K, 31% used [0x00000000eab00000,0x00000000ebe37918,0x00000000ee780000)
  from space 6144K, 99% used [0x00000000eef00000,0x00000000ef4f8eb0,0x00000000ef500000)
  to   space 7680K, 0% used [0x00000000ee780000,0x00000000ee780000,0x00000000eef00000)
 ParOldGen       total 42496K, used 6534K [0x00000000c0000000, 0x00000000c2980000, 0x00000000eab00000)
  object space 42496K, 15% used [0x00000000c0000000,0x00000000c06619f0,0x00000000c2980000)
 Metaspace       used 20847K, capacity 21200K, committed 21248K, reserved 1067008K
  class space    used 2903K, capacity 3038K, committed 3072K, reserved 1048576K
Event: 8.587 GC heap after
Heap after GC invocations=7 (full 0):
 PSYoungGen      total 69632K, used 6314K [0x00000000eab00000, 0x00000000ef800000, 0x0000000100000000)
  eden space 61952K, 0% used [0x00000000eab00000,0x00000000eab00000,0x00000000ee780000)
  from space 7680K, 82% used [0x00000000ee780000,0x00000000eedaa920,0x00000000eef00000)
  to   space 6144K, 0% used [0x00000000eef00000,0x00000000eef00000,0x00000000ef500000)
 ParOldGen       total 42496K, used 7297K [0x00000000c0000000, 0x00000000c2980000, 0x00000000eab00000)
  object space 42496K, 17% used [0x00000000c0000000,0x00000000c0720530,0x00000000c2980000)
 Metaspace       used 20847K, capacity 21200K, committed 21248K, reserved 1067008K
  class space    used 2903K, capacity 3038K, committed 3072K, reserved 1048576K
}
Event: 8.587 GC heap before
{Heap before GC invocations=8 (full 1):
 PSYoungGen      total 69632K, used 6314K [0x00000000eab00000, 0x00000000ef800000, 0x0000000100000000)
  eden space 61952K, 0% used [0x00000000eab00000,0x00000000eab00000,0x00000000ee780000)
  from space 7680K, 82% used [0x00000000ee780000,0x00000000eedaa920,0x00000000eef00000)
  to   space 6144K, 0% used [0x00000000eef00000,0x00000000eef00000,0x00000000ef500000)
 ParOldGen       total 42496K, used 7297K [0x00000000c0000000, 0x00000000c2980000, 0x00000000eab00000)
  object space 42496K, 17% used [0x00000000c0000000,0x00000000c0720530,0x00000000c2980000)
 Metaspace       used 20847K, capacity 21200K, committed 21248K, reserved 1067008K
  class space    used 2903K, capacity 3038K, committed 3072K, reserved 1048576K
Event: 8.715 GC heap after
Heap after GC invocations=8 (full 1):
 PSYoungGen      total 69632K, used 0K [0x00000000eab00000, 0x00000000ef800000, 0x0000000100000000)
  eden space 61952K, 0% used [0x00000000eab00000,0x00000000eab00000,0x00000000ee780000)
  from space 7680K, 0% used [0x00000000ee780000,0x00000000ee780000,0x00000000eef00000)
  to   space 6144K, 0% used [0x00000000eef00000,0x00000000eef00000,0x00000000ef500000)
 ParOldGen       total 36864K, used 8551K [0x00000000c0000000, 0x00000000c2400000, 0x00000000eab00000)
  object space 36864K, 23% used [0x00000000c0000000,0x00000000c0859db0,0x00000000c2400000)
 Metaspace       used 20847K, capacity 21200K, committed 21248K, reserved 1067008K
  class space    used 2903K, capacity 3038K, committed 3072K, reserved 1048576K
}

