# JRE version: OpenJDK Runtime Environment (8.0_152-b02) (build 1.8.0_152-release-1024-b02)
# Java VM: OpenJDK 64-Bit Server VM (25.152-b02 mixed mode windows-amd64 compressed oops)
Heap:
 PSYoungGen      total 240128K, used 29504K [0x00000000eab00000, 0x00000000fb000000, 0x0000000100000000)
  eden space 223232K, 7% used [0x00000000eab00000,0x00000000ebb342c8,0x00000000f8500000)
  from space 16896K, 76% used [0x00000000f9f80000,0x00000000fac1bf28,0x00000000fb000000)
  to   space 22016K, 0% used [0x00000000f8500000,0x00000000f8500000,0x00000000f9a80000)
 ParOldGen       total 106496K, used 48220K [0x00000000c0000000, 0x00000000c6800000, 0x00000000eab00000)
  object space 106496K, 45% used [0x00000000c0000000,0x00000000c2f173d0,0x00000000c6800000)
 Metaspace       used 65031K, capacity 67770K, committed 68096K, reserved 1107968K
  class space    used 8696K, capacity 9362K, committed 9472K, reserved 1048576K
GC Heap History (10 events):
Event: 21.322 GC heap before
{Heap before GC invocations=15 (full 2):
 PSYoungGen      total 166400K, used 166369K [0x00000000eab00000, 0x00000000f6080000, 0x0000000100000000)
  eden space 152064K, 100% used [0x00000000eab00000,0x00000000f3f80000,0x00000000f3f80000)
  from space 14336K, 99% used [0x00000000f5000000,0x00000000f5df8788,0x00000000f5e00000)
  to   space 16896K, 0% used [0x00000000f3f80000,0x00000000f3f80000,0x00000000f5000000)
 ParOldGen       total 57856K, used 18341K [0x00000000c0000000, 0x00000000c3880000, 0x00000000eab00000)
  object space 57856K, 31% used [0x00000000c0000000,0x00000000c11e9510,0x00000000c3880000)
 Metaspace       used 54690K, capacity 56460K, committed 56704K, reserved 1097728K
  class space    used 7582K, capacity 8036K, committed 8064K, reserved 1048576K
Event: 21.390 GC heap after
Heap after GC invocations=15 (full 2):
 PSYoungGen      total 168960K, used 13356K [0x00000000eab00000, 0x00000000f8b80000, 0x0000000100000000)
  eden space 152064K, 0% used [0x00000000eab00000,0x00000000eab00000,0x00000000f3f80000)
  from space 16896K, 79% used [0x00000000f3f80000,0x00000000f4c8b0c0,0x00000000f5000000)
  to   space 17920K, 0% used [0x00000000f7a00000,0x00000000f7a00000,0x00000000f8b80000)
 ParOldGen       total 57856K, used 28979K [0x00000000c0000000, 0x00000000c3880000, 0x00000000eab00000)
  object space 57856K, 50% used [0x00000000c0000000,0x00000000c1c4cee8,0x00000000c3880000)
 Metaspace       used 54690K, capacity 56460K, committed 56704K, reserved 1097728K
  class space    used 7582K, capacity 8036K, committed 8064K, reserved 1048576K
}
Event: 25.810 GC heap before
{Heap before GC invocations=16 (full 2):
 PSYoungGen      total 168960K, used 152542K [0x00000000eab00000, 0x00000000f8b80000, 0x0000000100000000)
  eden space 152064K, 91% used [0x00000000eab00000,0x00000000f32ec848,0x00000000f3f80000)
  from space 16896K, 79% used [0x00000000f3f80000,0x00000000f4c8b0c0,0x00000000f5000000)
  to   space 17920K, 0% used [0x00000000f7a00000,0x00000000f7a00000,0x00000000f8b80000)
 ParOldGen       total 57856K, used 28979K [0x00000000c0000000, 0x00000000c3880000, 0x00000000eab00000)
  object space 57856K, 50% used [0x00000000c0000000,0x00000000c1c4cee8,0x00000000c3880000)
 Metaspace       used 56882K, capacity 58946K, committed 59028K, reserved 1099776K
  class space    used 7869K, capacity 8416K, committed 8448K, reserved 1048576K
Event: 25.879 GC heap after
Heap after GC invocations=16 (full 2):
 PSYoungGen      total 207360K, used 17888K [0x00000000eab00000, 0x00000000f9480000, 0x0000000100000000)
  eden space 189440K, 0% used [0x00000000eab00000,0x00000000eab00000,0x00000000f6400000)
  from space 17920K, 99% used [0x00000000f7a00000,0x00000000f8b78030,0x00000000f8b80000)
  to   space 22528K, 0% used [0x00000000f6400000,0x00000000f6400000,0x00000000f7a00000)
 ParOldGen       total 57856K, used 34053K [0x00000000c0000000, 0x00000000c3880000, 0x00000000eab00000)
  object space 57856K, 58% used [0x00000000c0000000,0x00000000c21417a0,0x00000000c3880000)
 Metaspace       used 56882K, capacity 58946K, committed 59028K, reserved 1099776K
  class space    used 7869K, capacity 8416K, committed 8448K, reserved 1048576K
}
Event: 25.879 GC heap before
{Heap before GC invocations=17 (full 3):
 PSYoungGen      total 207360K, used 17888K [0x00000000eab00000, 0x00000000f9480000, 0x0000000100000000)
  eden space 189440K, 0% used [0x00000000eab00000,0x00000000eab00000,0x00000000f6400000)
  from space 17920K, 99% used [0x00000000f7a00000,0x00000000f8b78030,0x00000000f8b80000)
  to   space 22528K, 0% used [0x00000000f6400000,0x00000000f6400000,0x00000000f7a00000)
 ParOldGen       total 57856K, used 34053K [0x00000000c0000000, 0x00000000c3880000, 0x00000000eab00000)
  object space 57856K, 58% used [0x00000000c0000000,0x00000000c21417a0,0x00000000c3880000)
 Metaspace       used 56882K, capacity 58946K, committed 59028K, reserved 1099776K
  class space    used 7869K, capacity 8416K, committed 8448K, reserved 1048576K
Event: 26.395 GC heap after
Heap after GC invocations=17 (full 3):
 PSYoungGen      total 207360K, used 0K [0x00000000eab00000, 0x00000000f9480000, 0x0000000100000000)
  eden space 189440K, 0% used [0x00000000eab00000,0x00000000eab00000,0x00000000f6400000)
  from space 17920K, 0% used [0x00000000f7a00000,0x00000000f7a00000,0x00000000f8b80000)
  to   space 22528K, 0% used [0x00000000f6400000,0x00000000f6400000,0x00000000f7a00000)
 ParOldGen       total 106496K, used 48204K [0x00000000c0000000, 0x00000000c6800000, 0x00000000eab00000)
  object space 106496K, 45% used [0x00000000c0000000,0x00000000c2f133d0,0x00000000c6800000)
 Metaspace       used 56882K, capacity 58946K, committed 59028K, reserved 1099776K
  class space    used 7869K, capacity 8416K, committed 8448K, reserved 1048576K
}
Event: 36.765 GC heap before
{Heap before GC invocations=18 (full 3):
 PSYoungGen      total 207360K, used 189440K [0x00000000eab00000, 0x00000000f9480000, 0x0000000100000000)
  eden space 189440K, 100% used [0x00000000eab00000,0x00000000f6400000,0x00000000f6400000)
  from space 17920K, 0% used [0x00000000f7a00000,0x00000000f7a00000,0x00000000f8b80000)
  to   space 22528K, 0% used [0x00000000f6400000,0x00000000f6400000,0x00000000f7a00000)
 ParOldGen       total 106496K, used 48204K [0x00000000c0000000, 0x00000000c6800000, 0x00000000eab00000)
  object space 106496K, 45% used [0x00000000c0000000,0x00000000c2f133d0,0x00000000c6800000)
 Metaspace       used 61362K, capacity 63772K, committed 64000K, reserved 1103872K
  class space    used 8311K, capacity 8915K, committed 8960K, reserved 1048576K
Event: 36.792 GC heap after
Heap after GC invocations=18 (full 3):
 PSYoungGen      total 211968K, used 11797K [0x00000000eab00000, 0x00000000fb500000, 0x0000000100000000)
  eden space 189440K, 0% used [0x00000000eab00000,0x00000000eab00000,0x00000000f6400000)
  from space 22528K, 52% used [0x00000000f6400000,0x00000000f6f855a0,0x00000000f7a00000)
  to   space 22016K, 0% used [0x00000000f9f80000,0x00000000f9f80000,0x00000000fb500000)
 ParOldGen       total 106496K, used 48212K [0x00000000c0000000, 0x00000000c6800000, 0x00000000eab00000)
  object space 106496K, 45% used [0x00000000c0000000,0x00000000c2f153d0,0x00000000c6800000)
 Metaspace       used 61362K, capacity 63772K, committed 64000K, reserved 1103872K
  class space    used 8311K, capacity 8915K, committed 8960K, reserved 1048576K
}
Event: 65.129 GC heap before
{Heap before GC invocations=19 (full 3):
 PSYoungGen      total 211968K, used 201237K [0x00000000eab00000, 0x00000000fb500000, 0x0000000100000000)
  eden space 189440K, 100% used [0x00000000eab00000,0x00000000f6400000,0x00000000f6400000)
  from space 22528K, 52% used [0x00000000f6400000,0x00000000f6f855a0,0x00000000f7a00000)
  to   space 22016K, 0% used [0x00000000f9f80000,0x00000000f9f80000,0x00000000fb500000)
 ParOldGen       total 106496K, used 48212K [0x00000000c0000000, 0x00000000c6800000, 0x00000000eab00000)
  object space 106496K, 45% used [0x00000000c0000000,0x00000000c2f153d0,0x00000000c6800000)
 Metaspace       used 64990K, capacity 67728K, committed 68096K, reserved 1107968K
  class space    used 8689K, capacity 9355K, committed 9472K, reserved 1048576K
Event: 65.215 GC heap after
Heap after GC invocations=19 (full 3):
 PSYoungGen      total 240128K, used 12911K [0x00000000eab00000, 0x00000000fb000000, 0x0000000100000000)
  eden space 223232K, 0% used [0x00000000eab00000,0x00000000eab00000,0x00000000f8500000)
  from space 16896K, 76% used [0x00000000f9f80000,0x00000000fac1bf28,0x00000000fb000000)
  to   space 22016K, 0% used [0x00000000f8500000,0x00000000f8500000,0x00000000f9a80000)
 ParOldGen       total 106496K, used 48220K [0x00000000c0000000, 0x00000000c6800000, 0x00000000eab00000)
  object space 106496K, 45% used [0x00000000c0000000,0x00000000c2f173d0,0x00000000c6800000)
 Metaspace       used 64990K, capacity 67728K, committed 68096K, reserved 1107968K
  class space    used 8689K, capacity 9355K, committed 9472K, reserved 1048576K
}

